# JRE version: OpenJDK Runtime Environment (17.0.11) (build 17.0.11+0--11852314)
# Java VM: OpenJDK 64-Bit Server VM (17.0.11+0--11852314, mixed mode, tiered, compressed oops, compressed class ptrs, g1 gc, windows-amd64)
GC Precious Log:
 CPUs: 8 total, 8 available
 Memory: 6082M
 Large Page Support: Disabled
 NUMA Support: Disabled
 Compressed Oops: Enabled (Zero based)
 Heap Region Size: 4M
 Heap Min Capacity: 8M
 Heap Initial Capacity: 96M
 Heap Max Capacity: 8G
 Pre-touch: Disabled
 Parallel Workers: 8
 Concurrent Workers: 2
 Concurrent Refinement Workers: 8
 Periodic GC: Disabled
Heap:
 garbage-first heap   total 1081344K, used 451609K [0x0000000600000000, 0x0000000800000000)
  region size 4096K, 8 young (32768K), 8 survivors (32768K)
 Metaspace       used 249941K, committed 251392K, reserved 1310720K
  class space    used 32313K, committed 32960K, reserved 1048576K
GC Heap History (20 events):
Event: 186.923 GC heap after
{Heap after GC invocations=89 (full 0):
 garbage-first heap   total 901120K, used 306619K [0x0000000600000000, 0x0000000800000000)
  region size 4096K, 2 young (8192K), 2 survivors (8192K)
 Metaspace       used 240982K, committed 242432K, reserved 1310720K
  class space    used 31240K, committed 31872K, reserved 1048576K
}
Event: 192.859 GC heap before
{Heap before GC invocations=89 (full 0):
 garbage-first heap   total 901120K, used 777659K [0x0000000600000000, 0x0000000800000000)
  region size 4096K, 112 young (458752K), 2 survivors (8192K)
 Metaspace       used 245760K, committed 247232K, reserved 1310720K
  class space    used 31836K, committed 32512K, reserved 1048576K
}
Event: 192.992 GC heap after
{Heap after GC invocations=90 (full 0):
 garbage-first heap   total 901120K, used 361511K [0x0000000600000000, 0x0000000800000000)
  region size 4096K, 14 young (57344K), 14 survivors (57344K)
 Metaspace       used 245760K, committed 247232K, reserved 1310720K
  class space    used 31836K, committed 32512K, reserved 1048576K
}
Event: 196.605 GC heap before
{Heap before GC invocations=90 (full 0):
 garbage-first heap   total 901120K, used 734247K [0x0000000600000000, 0x0000000800000000)
  region size 4096K, 105 young (430080K), 14 survivors (57344K)
 Metaspace       used 248629K, committed 250112K, reserved 1310720K
  class space    used 32247K, committed 32896K, reserved 1048576K
}
Event: 196.663 GC heap after
{Heap after GC invocations=91 (full 0):
 garbage-first heap   total 901120K, used 367833K [0x0000000600000000, 0x0000000800000000)
  region size 4096K, 4 young (16384K), 4 survivors (16384K)
 Metaspace       used 248629K, committed 250112K, reserved 1310720K
  class space    used 32247K, committed 32896K, reserved 1048576K
}
Event: 198.439 GC heap before
{Heap before GC invocations=91 (full 0):
 garbage-first heap   total 901120K, used 740569K [0x0000000600000000, 0x0000000800000000)
  region size 4096K, 95 young (389120K), 4 survivors (16384K)
 Metaspace       used 248977K, committed 250496K, reserved 1310720K
  class space    used 32266K, committed 32960K, reserved 1048576K
}
Event: 198.465 GC heap after
{Heap after GC invocations=92 (full 0):
 garbage-first heap   total 901120K, used 379017K [0x0000000600000000, 0x0000000800000000)
  region size 4096K, 7 young (28672K), 7 survivors (28672K)
 Metaspace       used 248977K, committed 250496K, reserved 1310720K
  class space    used 32266K, committed 32960K, reserved 1048576K
}
Event: 201.076 GC heap before
{Heap before GC invocations=93 (full 0):
 garbage-first heap   total 901120K, used 747657K [0x0000000600000000, 0x0000000800000000)
  region size 4096K, 97 young (397312K), 7 survivors (28672K)
 Metaspace       used 248562K, committed 250176K, reserved 1310720K
  class space    used 32235K, committed 32960K, reserved 1048576K
}
Event: 201.113 GC heap after
{Heap after GC invocations=94 (full 0):
 garbage-first heap   total 1081344K, used 386000K [0x0000000600000000, 0x0000000800000000)
  region size 4096K, 8 young (32768K), 8 survivors (32768K)
 Metaspace       used 248562K, committed 250176K, reserved 1310720K
  class space    used 32235K, committed 32960K, reserved 1048576K
}
Event: 201.233 GC heap before
{Heap before GC invocations=94 (full 0):
 garbage-first heap   total 1081344K, used 402384K [0x0000000600000000, 0x0000000800000000)
  region size 4096K, 13 young (53248K), 8 survivors (32768K)
 Metaspace       used 248666K, committed 250176K, reserved 1310720K
  class space    used 32242K, committed 32960K, reserved 1048576K
}
Event: 201.306 GC heap after
{Heap after GC invocations=95 (full 0):
 garbage-first heap   total 1081344K, used 381136K [0x0000000600000000, 0x0000000800000000)
  region size 4096K, 2 young (8192K), 2 survivors (8192K)
 Metaspace       used 248666K, committed 250176K, reserved 1310720K
  class space    used 32242K, committed 32960K, reserved 1048576K
}
Event: 202.875 GC heap before
{Heap before GC invocations=95 (full 0):
 garbage-first heap   total 1081344K, used 897232K [0x0000000600000000, 0x0000000800000000)
  region size 4096K, 128 young (524288K), 2 survivors (8192K)
 Metaspace       used 249005K, committed 250496K, reserved 1310720K
  class space    used 32267K, committed 32960K, reserved 1048576K
}
Event: 202.900 GC heap after
{Heap after GC invocations=96 (full 0):
 garbage-first heap   total 1081344K, used 390603K [0x0000000600000000, 0x0000000800000000)
  region size 4096K, 4 young (16384K), 4 survivors (16384K)
 Metaspace       used 249005K, committed 250496K, reserved 1310720K
  class space    used 32267K, committed 32960K, reserved 1048576K
}
Event: 204.741 GC heap before
{Heap before GC invocations=96 (full 0):
 garbage-first heap   total 1081344K, used 898507K [0x0000000600000000, 0x0000000800000000)
  region size 4096K, 129 young (528384K), 4 survivors (16384K)
 Metaspace       used 249478K, committed 250944K, reserved 1310720K
  class space    used 32302K, committed 32960K, reserved 1048576K
}
Event: 204.776 GC heap after
{Heap after GC invocations=97 (full 0):
 garbage-first heap   total 1081344K, used 405902K [0x0000000600000000, 0x0000000800000000)
  region size 4096K, 8 young (32768K), 8 survivors (32768K)
 Metaspace       used 249478K, committed 250944K, reserved 1310720K
  class space    used 32302K, committed 32960K, reserved 1048576K
}
Event: 206.100 GC heap before
{Heap before GC invocations=97 (full 0):
 garbage-first heap   total 1081344K, used 901518K [0x0000000600000000, 0x0000000800000000)
  region size 4096K, 129 young (528384K), 8 survivors (32768K)
 Metaspace       used 249610K, committed 251072K, reserved 1310720K
  class space    used 32308K, committed 32960K, reserved 1048576K
}
Event: 206.158 GC heap after
{Heap after GC invocations=98 (full 0):
 garbage-first heap   total 1081344K, used 434190K [0x0000000600000000, 0x0000000800000000)
  region size 4096K, 15 young (61440K), 15 survivors (61440K)
 Metaspace       used 249610K, committed 251072K, reserved 1310720K
  class space    used 32308K, committed 32960K, reserved 1048576K
}
Event: 207.523 GC heap before
{Heap before GC invocations=98 (full 0):
 garbage-first heap   total 1081344K, used 897038K [0x0000000600000000, 0x0000000800000000)
  region size 4096K, 128 young (524288K), 15 survivors (61440K)
 Metaspace       used 249814K, committed 251264K, reserved 1310720K
  class space    used 32310K, committed 32960K, reserved 1048576K
}
Event: 207.594 GC heap after
{Heap after GC invocations=99 (full 0):
 garbage-first heap   total 1081344K, used 434258K [0x0000000600000000, 0x0000000800000000)
  region size 4096K, 10 young (40960K), 10 survivors (40960K)
 Metaspace       used 249814K, committed 251264K, reserved 1310720K
  class space    used 32310K, committed 32960K, reserved 1048576K
}
Event: 210.065 GC heap before
{Heap before GC invocations=99 (full 0):
 garbage-first heap   total 1081344K, used 905298K [0x0000000600000000, 0x0000000800000000)
  region size 4096K, 125 young (512000K), 10 survivors (40960K)
 Metaspace       used 249941K, committed 251392K, reserved 1310720K
  class space    used 32313K, committed 32960K, reserved 1048576K
}

